D:\WORK\NOMU\EXAMPLE\CPP\TAR\DEBUG\TAR.EXE
D:\WORK\NOMU\EXAMPLE\CPP\TAR\DEBUG\TAR.ILK
D:\WORK\NOMU\EXAMPLE\CPP\TAR\DEBUG\TAR.PDB
D:\WORK\nomu\Example\CPP\tar\tar\Debug\cl.command.1.tlog
D:\WORK\nomu\Example\CPP\tar\tar\Debug\CL.read.1.tlog
D:\WORK\nomu\Example\CPP\tar\tar\Debug\CL.write.1.tlog
D:\WORK\nomu\Example\CPP\tar\tar\Debug\link.14844.read.1.tlog
D:\WORK\nomu\Example\CPP\tar\tar\Debug\link.14844.write.1.tlog
D:\WORK\nomu\Example\CPP\tar\tar\Debug\link.14844-cvtres.read.1.tlog
D:\WORK\nomu\Example\CPP\tar\tar\Debug\link.14844-cvtres.write.1.tlog
D:\WORK\nomu\Example\CPP\tar\tar\Debug\link.15028.read.1.tlog
D:\WORK\nomu\Example\CPP\tar\tar\Debug\link.15028.write.1.tlog
D:\WORK\nomu\Example\CPP\tar\tar\Debug\link.15028-cvtres.read.1.tlog
D:\WORK\nomu\Example\CPP\tar\tar\Debug\link.15028-cvtres.write.1.tlog
D:\WORK\nomu\Example\CPP\tar\tar\Debug\link.15316.read.1.tlog
D:\WORK\nomu\Example\CPP\tar\tar\Debug\link.15316.write.1.tlog
D:\WORK\nomu\Example\CPP\tar\tar\Debug\link.15316-cvtres.read.1.tlog
D:\WORK\nomu\Example\CPP\tar\tar\Debug\link.15316-cvtres.write.1.tlog
D:\WORK\nomu\Example\CPP\tar\tar\Debug\link.19092.read.1.tlog
D:\WORK\nomu\Example\CPP\tar\tar\Debug\link.19092.write.1.tlog
D:\WORK\nomu\Example\CPP\tar\tar\Debug\link.19092-cvtres.read.1.tlog
D:\WORK\nomu\Example\CPP\tar\tar\Debug\link.19092-cvtres.write.1.tlog
D:\WORK\nomu\Example\CPP\tar\tar\Debug\link.19840.read.1.tlog
D:\WORK\nomu\Example\CPP\tar\tar\Debug\link.19840.write.1.tlog
D:\WORK\nomu\Example\CPP\tar\tar\Debug\link.19840-cvtres.read.1.tlog
D:\WORK\nomu\Example\CPP\tar\tar\Debug\link.19840-cvtres.write.1.tlog
D:\WORK\nomu\Example\CPP\tar\tar\Debug\link.3900.read.1.tlog
D:\WORK\nomu\Example\CPP\tar\tar\Debug\link.3900.write.1.tlog
D:\WORK\nomu\Example\CPP\tar\tar\Debug\link.3900-cvtres.read.1.tlog
D:\WORK\nomu\Example\CPP\tar\tar\Debug\link.3900-cvtres.write.1.tlog
D:\WORK\nomu\Example\CPP\tar\tar\Debug\link.6232.read.1.tlog
D:\WORK\nomu\Example\CPP\tar\tar\Debug\link.6232.write.1.tlog
D:\WORK\nomu\Example\CPP\tar\tar\Debug\link.6232-cvtres.read.1.tlog
D:\WORK\nomu\Example\CPP\tar\tar\Debug\link.6232-cvtres.write.1.tlog
D:\WORK\nomu\Example\CPP\tar\tar\Debug\link.7084.read.1.tlog
D:\WORK\nomu\Example\CPP\tar\tar\Debug\link.7084.write.1.tlog
D:\WORK\nomu\Example\CPP\tar\tar\Debug\link.7084-cvtres.read.1.tlog
D:\WORK\nomu\Example\CPP\tar\tar\Debug\link.7084-cvtres.write.1.tlog
D:\WORK\nomu\Example\CPP\tar\tar\Debug\link.924.read.1.tlog
D:\WORK\nomu\Example\CPP\tar\tar\Debug\link.924.write.1.tlog
D:\WORK\nomu\Example\CPP\tar\tar\Debug\link.924-cvtres.read.1.tlog
D:\WORK\nomu\Example\CPP\tar\tar\Debug\link.924-cvtres.write.1.tlog
D:\WORK\nomu\Example\CPP\tar\tar\Debug\link.command.1.tlog
D:\WORK\nomu\Example\CPP\tar\tar\Debug\link.read.1.tlog
D:\WORK\nomu\Example\CPP\tar\tar\Debug\link.write.1.tlog
D:\WORK\nomu\Example\CPP\tar\tar\Debug\link-cvtres.read.1.tlog
D:\WORK\nomu\Example\CPP\tar\tar\Debug\link-cvtres.write.1.tlog
D:\WORK\nomu\Example\CPP\tar\tar\Debug\mt.command.1.tlog
D:\WORK\nomu\Example\CPP\tar\tar\Debug\mt.read.1.tlog
D:\WORK\nomu\Example\CPP\tar\tar\Debug\mt.write.1.tlog
D:\WORK\nomu\Example\CPP\tar\tar\Debug\rc.command.1.tlog
D:\WORK\nomu\Example\CPP\tar\tar\Debug\rc.read.1.tlog
D:\WORK\nomu\Example\CPP\tar\tar\Debug\rc.write.1.tlog
D:\WORK\NOMU\EXAMPLE\CPP\TAR\TAR\DEBUG\STDAFX.OBJ
D:\WORK\NOMU\EXAMPLE\CPP\TAR\TAR\DEBUG\TAR.EXE.EMBED.MANIFEST
D:\WORK\NOMU\EXAMPLE\CPP\TAR\TAR\DEBUG\TAR.EXE.EMBED.MANIFEST.RES
D:\WORK\NOMU\EXAMPLE\CPP\TAR\TAR\DEBUG\TAR.EXE.INTERMEDIATE.MANIFEST
D:\WORK\NOMU\EXAMPLE\CPP\TAR\TAR\DEBUG\TAR.OBJ
D:\WORK\nomu\Example\CPP\tar\tar\Debug\tar.vcxprojResolveAssemblyReference.cache
D:\WORK\nomu\Example\CPP\tar\tar\Debug\tar.write.1.tlog
D:\WORK\nomu\Example\CPP\tar\tar\Debug\tar_manifest.rc
D:\WORK\nomu\Example\CPP\tar\tar\Debug\vc100.idb
D:\WORK\NOMU\EXAMPLE\CPP\TAR\TAR\DEBUG\VC100.PDB
